[debug] [2023-04-01T11:07:10.653Z] ----------------------------------------------------------------------
[debug] [2023-04-01T11:07:10.654Z] Command:       /usr/local/bin/node /opt/homebrew/bin/firebase init hosting
[debug] [2023-04-01T11:07:10.654Z] CLI Version:   11.25.2
[debug] [2023-04-01T11:07:10.654Z] Platform:      darwin
[debug] [2023-04-01T11:07:10.654Z] Node Version:  v16.18.1
[debug] [2023-04-01T11:07:10.655Z] Time:          Sat Apr 01 2023 16:37:10 GMT+0530 (India Standard Time)
[debug] [2023-04-01T11:07:10.655Z] ----------------------------------------------------------------------
[debug] 
[debug] [2023-04-01T11:07:10.658Z] > command requires scopes: ["email","openid","https://www.googleapis.com/auth/cloudplatformprojects.readonly","https://www.googleapis.com/auth/firebase","https://www.googleapis.com/auth/cloud-platform"]
[debug] [2023-04-01T11:07:10.658Z] > authorizing via signed-in user (mehulkapadia15@gmail.com)
[info] 
     ######## #### ########  ######## ########     ###     ######  ########
     ##        ##  ##     ## ##       ##     ##  ##   ##  ##       ##
     ######    ##  ########  ######   ########  #########  ######  ######
     ##        ##  ##    ##  ##       ##     ## ##     ##       ## ##
     ##       #### ##     ## ######## ########  ##     ##  ######  ########

You're about to initialize a Firebase project in this directory:

  /Users/mehulkapadia/Desktop/Others/Pappa/Kapadia & Co Website/Website

[info] 
=== Account Setup
[info] 
[info] Which account do you want to use for this project? Choose an account or add a new one now
[info] 
[debug] [2023-04-01T11:07:13.250Z] setProjectAccount(/Users/mehulkapadia/Desktop/Others/Pappa/Kapadia & Co Website/Website, mehulkapadia1501@gmail.com)
[info] 
[info] ✔  Using account: mehulkapadia1501@gmail.com 
[info] 
=== Project Setup
[info] 
[info] First, let's associate this project directory with a Firebase project.
[info] You can create multiple project aliases by running firebase use --add, 
[info] but for now we'll just set up a default project.
[info] 
[debug] [2023-04-01T11:07:15.350Z] > refreshing access token with scopes: []
[debug] [2023-04-01T11:07:15.353Z] >>> [apiv2][query] POST https://www.googleapis.com/oauth2/v3/token [none]
[debug] [2023-04-01T11:07:15.353Z] >>> [apiv2][body] POST https://www.googleapis.com/oauth2/v3/token [omitted]
[debug] [2023-04-01T11:07:15.546Z] <<< [apiv2][status] POST https://www.googleapis.com/oauth2/v3/token 200
[debug] [2023-04-01T11:07:15.546Z] <<< [apiv2][body] POST https://www.googleapis.com/oauth2/v3/token [omitted]
[debug] [2023-04-01T11:07:15.555Z] >>> [apiv2][query] GET https://firebase.googleapis.com/v1beta1/projects pageSize=100
[debug] [2023-04-01T11:07:16.798Z] <<< [apiv2][status] GET https://firebase.googleapis.com/v1beta1/projects 200
[debug] [2023-04-01T11:07:16.798Z] <<< [apiv2][body] GET https://firebase.googleapis.com/v1beta1/projects [omitted]
[info] i  Using project kapadiaco-ec126 (kapadiaco) 
[info] 
=== Hosting Setup
[info] 
[info] Your public directory is the folder (relative to your project directory) that
[info] will contain Hosting assets to be uploaded with firebase deploy. If you
[info] have a build process for your assets, use your build's output directory.
[info] 
[debug] [2023-04-01T11:07:29.049Z] >>> [apiv2][query] GET https://www.gstatic.com/firebasejs/releases.json [none]
[debug] [2023-04-01T11:07:29.235Z] <<< [apiv2][status] GET https://www.gstatic.com/firebasejs/releases.json 200
[debug] [2023-04-01T11:07:29.236Z] <<< [apiv2][body] GET https://www.gstatic.com/firebasejs/releases.json {"current":{"version":"9.19.1","browserURL":"https://www.gstatic.com/firebasejs/9.19.1/firebase.js","packageURL":"https://www.gstatic.com/firebasejs/9.19.1/firebase.tgz"},"live":{"version":"9.19","browserURL":"https://www.gstatic.com/firebasejs/live/9.19/firebase.js","packageURL":"https://www.gstatic.com/firebasejs/live/9.19/firebase.tgz"},"components":{"analytics":"https://www.gstatic.com/firebasejs/9.19.1/firebase-analytics.js","app":"https://www.gstatic.com/firebasejs/9.19.1/firebase-app.js","app-check":"https://www.gstatic.com/firebasejs/9.19.1/firebase-app-check.js","auth":"https://www.gstatic.com/firebasejs/9.19.1/firebase-auth.js","auth/cordova":"https://www.gstatic.com/firebasejs/9.19.1/firebase-auth/cordova.js","auth/react-native":"https://www.gstatic.com/firebasejs/9.19.1/firebase-auth/react-native.js","functions":"https://www.gstatic.com/firebasejs/9.19.1/firebase-functions.js","firestore":"https://www.gstatic.com/firebasejs/9.19.1/firebase-firestore.js","firestore/lite":"https://www.gstatic.com/firebasejs/9.19.1/firebase-firestore/lite.js","installations":"https://www.gstatic.com/firebasejs/9.19.1/firebase-installations.js","storage":"https://www.gstatic.com/firebasejs/9.19.1/firebase-storage.js","performance":"https://www.gstatic.com/firebasejs/9.19.1/firebase-performance.js","remote-config":"https://www.gstatic.com/firebasejs/9.19.1/firebase-remote-config.js","messaging":"https://www.gstatic.com/firebasejs/9.19.1/firebase-messaging.js","messaging/sw":"https://www.gstatic.com/firebasejs/9.19.1/firebase-messaging/sw.js","database":"https://www.gstatic.com/firebasejs/9.19.1/firebase-database.js","firestore.memory":"https://www.gstatic.com/firebasejs/9.19.1/firebase-firestore.memory.js"}}
[info] ✔  Wrote y/index.html 
[info] 
[info] i  Didn't detect a .git folder. Assuming /Users/mehulkapadia/Desktop/Others/Pappa/Kapadia & Co Website/Website is the project root. 
[info] i  Authorizing with GitHub to upload your service account to a GitHub repository's secrets store. 
[info] 
[info] Visit this URL on this device to log in:
[info] https://github.com/login/oauth/authorize?client_id=89cf50f02ac6aaed3484&state=484341863&redirect_uri=http%3A%2F%2Flocalhost%3A9005&scope=read%3Auser%20repo%20public_repo
[info] 
[info] Waiting for authentication...
[debug] [2023-04-01T11:08:24.712Z] >>> [apiv2][query] POST https://github.com/login/oauth/access_token [none]
[debug] [2023-04-01T11:08:24.712Z] >>> [apiv2][body] POST https://github.com/login/oauth/access_token [stream]
[debug] [2023-04-01T11:08:25.131Z] <<< [apiv2][status] POST https://github.com/login/oauth/access_token 200
[debug] [2023-04-01T11:08:25.132Z] <<< [apiv2][body] POST https://github.com/login/oauth/access_token {"access_token":"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","token_type":"bearer","scope":"read:user,repo"}
[debug] [2023-04-01T11:08:25.145Z] >>> [apiv2][query] GET https://api.github.com/user [none]
[debug] [2023-04-01T11:08:25.552Z] <<< [apiv2][status] GET https://api.github.com/user 200
[debug] [2023-04-01T11:08:25.552Z] <<< [apiv2][body] GET https://api.github.com/user {"login":"mehulkapadia5","id":80621751,"node_id":"MDQ6VXNlcjgwNjIxNzUx","avatar_url":"https://avatars.githubusercontent.com/u/80621751?v=4","gravatar_id":"","url":"https://api.github.com/users/mehulkapadia5","html_url":"https://github.com/mehulkapadia5","followers_url":"https://api.github.com/users/mehulkapadia5/followers","following_url":"https://api.github.com/users/mehulkapadia5/following{/other_user}","gists_url":"https://api.github.com/users/mehulkapadia5/gists{/gist_id}","starred_url":"https://api.github.com/users/mehulkapadia5/starred{/owner}{/repo}","subscriptions_url":"https://api.github.com/users/mehulkapadia5/subscriptions","organizations_url":"https://api.github.com/users/mehulkapadia5/orgs","repos_url":"https://api.github.com/users/mehulkapadia5/repos","events_url":"https://api.github.com/users/mehulkapadia5/events{/privacy}","received_events_url":"https://api.github.com/users/mehulkapadia5/received_events","type":"User","site_admin":false,"name":"Mehul Kapadia","company":null,"blog":"","location":"Belgaum , Karnataka","email":null,"hireable":null,"bio":null,"twitter_username":null,"public_repos":7,"public_gists":0,"followers":1,"following":2,"created_at":"2021-03-14T09:34:42Z","updated_at":"2023-04-01T11:08:24Z","private_gists":0,"total_private_repos":2,"owned_private_repos":2,"disk_usage":28938,"collaborators":0,"two_factor_authentication":false,"plan":{"name":"pro","space":976562499,"collaborators":0,"private_repos":9999}}
[info] 
[info] ✔  Success! Logged into GitHub as mehulkapadia5 
[info] 
